Build started 2015-10-01 13:34:26.
     1>Project "C:\Users\ssi15004\Desktop\myCOMShop\myCOMShop\myCOMShopPS.vcxproj" on node 2 (build target(s)).
     1>InitializeBuildStatus:
         Creating "Debug\myCOMShopPS.unsuccessfulbuild" because "AlwaysCreate" was specified.
       PreBuildEvent:
         Description: Checking for required files
         if exist dlldata.c goto :END
         echo Error: MIDL will not generate DLLDATA.C unless you have at least 1 interface in the main project.
         Exit 1
         :END
         
         :VCEnd
       ClCompile:
         c:\Program Files (x86)\Microsoft Visual Studio 10.0\VC\bin\CL.exe /c /ZI /nologo /W1 /WX- /Od /Oy- /D WIN32 /D REGISTER_PROXY_DLL /D _DEBUG /D _WINDLL /D _UNICODE /D UNICODE /Gm /EHsc /RTC1 /MDd /GS /fp:precise /Zc:wchar_t /Zc:forScope /Fo"Debug\\" /Fd"Debug\vc100.pdb" /Gd /TC /analyze- /errorReport:prompt dlldata.c myCOMShop_i.c myCOMShop_p.c
         myCOMShop_p.c
         myCOMShop_i.c
         dlldata.c
         Generating Code...
       Link:
         c:\Program Files (x86)\Microsoft Visual Studio 10.0\VC\bin\link.exe /ERRORREPORT:PROMPT /OUT:"C:\Users\ssi15004\Desktop\myCOMShop\Debug\myCOMShopPS.dll" /NOLOGO kernel32.lib rpcns4.lib rpcrt4.lib oleaut32.lib uuid.lib kernel32.lib user32.lib gdi32.lib winspool.lib comdlg32.lib advapi32.lib shell32.lib ole32.lib oleaut32.lib uuid.lib odbc32.lib odbccp32.lib /DEF:"myCOMShopPS.def" /MANIFEST /ManifestFile:"Debug\myCOMShopPS.dll.intermediate.manifest" /MANIFESTUAC:"level='asInvoker' uiAccess='false'" /PDB:"C:\Users\ssi15004\Desktop\myCOMShop\Debug\myCOMShopPS.pdb" /TLBID:1 /DYNAMICBASE /NXCOMPAT /IMPLIB:"C:\Users\ssi15004\Desktop\myCOMShop\Debug\myCOMShopPS.lib" /MACHINE:X86 /DLL Debug\dlldata.obj
         Debug\myCOMShop_i.obj
         Debug\myCOMShop_p.obj
     1>dlldata.obj : warning LNK4075: ignoring '/EDITANDCONTINUE' due to '/OPT:ICF' specification
            Creating library C:\Users\ssi15004\Desktop\myCOMShop\Debug\myCOMShopPS.lib and object C:\Users\ssi15004\Desktop\myCOMShop\Debug\myCOMShopPS.exp
         myCOMShopPS.vcxproj -> C:\Users\ssi15004\Desktop\myCOMShop\Debug\myCOMShopPS.dll
       Manifest:
         C:\Program Files (x86)\Microsoft SDKs\Windows\v7.0A\bin\mt.exe /nologo /verbose /outputresource:"C:\Users\ssi15004\Desktop\myCOMShop\Debug\myCOMShopPS.dll;#2" /manifest Debug\myCOMShopPS.dll.intermediate.manifest
       RegisterOutput:
         regsvr32 /s "C:\Users\ssi15004\Desktop\myCOMShop\Debug\myCOMShopPS.dll"
     1>C:\Program Files (x86)\MSBuild\Microsoft.Cpp\v4.0\Microsoft.CppCommon.targets(744,5): warning MSB3075: The command "regsvr32 /s "C:\Users\ssi15004\Desktop\myCOMShop\Debug\myCOMShopPS.dll"" exited with code 5. Please verify that you have sufficient rights to run this command.
         The previous error was converted to a warning because the task was called with ContinueOnError=true.
         Build continuing because "ContinueOnError" on the task "Exec" is set to "true".
     1>C:\Program Files (x86)\MSBuild\Microsoft.Cpp\v4.0\Microsoft.CppCommon.targets(756,5): error MSB8011: Failed to register output. Please try enabling Per-user Redirection or register the component from a command prompt with elevated permissions.
     1>Done Building Project "C:\Users\ssi15004\Desktop\myCOMShop\myCOMShop\myCOMShopPS.vcxproj" (build target(s)) -- FAILED.

Build FAILED.

Time Elapsed 00:00:01.13
