C:\USERS\SSI15004\DESKTOP\MYCOMSHOP\DEBUG\MYCOMSHOP.EXE
C:\USERS\SSI15004\DESKTOP\MYCOMSHOP\DEBUG\MYCOMSHOP.ILK
C:\USERS\SSI15004\DESKTOP\MYCOMSHOP\DEBUG\MYCOMSHOP.PDB
C:\Users\ssi15004\Desktop\myCOMShop\myCOMShop\Debug\cl.command.1.tlog
C:\Users\ssi15004\Desktop\myCOMShop\myCOMShop\Debug\CL.read.1.tlog
C:\Users\ssi15004\Desktop\myCOMShop\myCOMShop\Debug\CL.write.1.tlog
C:\Users\ssi15004\Desktop\myCOMShop\myCOMShop\Debug\link.10028.read.1.tlog
C:\Users\ssi15004\Desktop\myCOMShop\myCOMShop\Debug\link.10028.write.1.tlog
C:\Users\ssi15004\Desktop\myCOMShop\myCOMShop\Debug\link.10028-cvtres.read.1.tlog
C:\Users\ssi15004\Desktop\myCOMShop\myCOMShop\Debug\link.10028-cvtres.write.1.tlog
C:\Users\ssi15004\Desktop\myCOMShop\myCOMShop\Debug\link.command.1.tlog
C:\Users\ssi15004\Desktop\myCOMShop\myCOMShop\Debug\link.read.1.tlog
C:\Users\ssi15004\Desktop\myCOMShop\myCOMShop\Debug\link.write.1.tlog
C:\Users\ssi15004\Desktop\myCOMShop\myCOMShop\Debug\link-cvtres.read.1.tlog
C:\Users\ssi15004\Desktop\myCOMShop\myCOMShop\Debug\link-cvtres.write.1.tlog
C:\Users\ssi15004\Desktop\myCOMShop\myCOMShop\Debug\midl.command.1.tlog
C:\Users\ssi15004\Desktop\myCOMShop\myCOMShop\Debug\midl.read.1.tlog
C:\Users\ssi15004\Desktop\myCOMShop\myCOMShop\Debug\midl.write.1.tlog
C:\Users\ssi15004\Desktop\myCOMShop\myCOMShop\Debug\midl-midlc.read.1.tlog
C:\Users\ssi15004\Desktop\myCOMShop\myCOMShop\Debug\midl-midlc.write.1.tlog
C:\Users\ssi15004\Desktop\myCOMShop\myCOMShop\Debug\midl-midlc-cl.read.1.tlog
C:\Users\ssi15004\Desktop\myCOMShop\myCOMShop\Debug\mt.command.1.tlog
C:\Users\ssi15004\Desktop\myCOMShop\myCOMShop\Debug\mt.read.1.tlog
C:\Users\ssi15004\Desktop\myCOMShop\myCOMShop\Debug\mt.write.1.tlog
C:\USERS\SSI15004\DESKTOP\MYCOMSHOP\MYCOMSHOP\DEBUG\MYCOMSHOP.EXE.EMBED.MANIFEST
C:\USERS\SSI15004\DESKTOP\MYCOMSHOP\MYCOMSHOP\DEBUG\MYCOMSHOP.EXE.EMBED.MANIFEST.RES
C:\USERS\SSI15004\DESKTOP\MYCOMSHOP\MYCOMSHOP\DEBUG\MYCOMSHOP.EXE.INTERMEDIATE.MANIFEST
C:\USERS\SSI15004\DESKTOP\MYCOMSHOP\MYCOMSHOP\DEBUG\MYCOMSHOP.OBJ
C:\USERS\SSI15004\DESKTOP\MYCOMSHOP\MYCOMSHOP\DEBUG\MYCOMSHOP.PCH
C:\USERS\SSI15004\DESKTOP\MYCOMSHOP\MYCOMSHOP\DEBUG\MYCOMSHOP.RES
C:\USERS\SSI15004\DESKTOP\MYCOMSHOP\MYCOMSHOP\DEBUG\MYCOMSHOP.TLB
C:\Users\ssi15004\Desktop\myCOMShop\myCOMShop\Debug\myCOMShop.write.1.tlog
C:\USERS\SSI15004\DESKTOP\MYCOMSHOP\MYCOMSHOP\DEBUG\MYCOMSHOP_I.OBJ
C:\Users\ssi15004\Desktop\myCOMShop\myCOMShop\Debug\myCOMShop_manifest.rc
C:\USERS\SSI15004\DESKTOP\MYCOMSHOP\MYCOMSHOP\DEBUG\MYSHOP.OBJ
C:\Users\ssi15004\Desktop\myCOMShop\myCOMShop\Debug\rc.command.1.tlog
C:\Users\ssi15004\Desktop\myCOMShop\myCOMShop\Debug\rc.read.1.tlog
C:\Users\ssi15004\Desktop\myCOMShop\myCOMShop\Debug\rc.write.1.tlog
C:\USERS\SSI15004\DESKTOP\MYCOMSHOP\MYCOMSHOP\DEBUG\STDAFX.OBJ
C:\Users\ssi15004\Desktop\myCOMShop\myCOMShop\Debug\vc100.idb
C:\USERS\SSI15004\DESKTOP\MYCOMSHOP\MYCOMSHOP\DEBUG\VC100.PDB
C:\USERS\SSI15004\DESKTOP\MYCOMSHOP\MYCOMSHOP\MYCOMSHOP_I.C
C:\USERS\SSI15004\DESKTOP\MYCOMSHOP\MYCOMSHOP\MYCOMSHOP_I.H
C:\USERS\SSI15004\DESKTOP\MYCOMSHOP\MYCOMSHOP\MYCOMSHOP_P.C
