Build started 2015-10-01 14:30:19.
     1>Project "C:\Users\ssi15004\Desktop\myCOMShop\myCOMShop\myCOMShop.vcxproj" on node 2 (build target(s)).
     1>InitializeBuildStatus:
         Creating "Debug\myCOMShop.unsuccessfulbuild" because "AlwaysCreate" was specified.
       Midl:
         C:\Program Files (x86)\Microsoft SDKs\Windows\v7.0A\bin\midl.exe /D _DEBUG /W1 /nologo /char signed /env win32 /Oicf /h "myCOMShop_i.h" /iid "myCOMShop_i.c" /proxy "myCOMShop_p.c" /tlb "Debug\myCOMShop.tlb" /robust myCOMShop.idl 
         Processing .\myCOMShop.idl
         myCOMShop.idl
         Processing C:\Program Files (x86)\Microsoft SDKs\Windows\v7.0A\include\oaidl.idl
         oaidl.idl
         Processing C:\Program Files (x86)\Microsoft SDKs\Windows\v7.0A\include\objidl.idl
         objidl.idl
         Processing C:\Program Files (x86)\Microsoft SDKs\Windows\v7.0A\include\unknwn.idl
         unknwn.idl
         Processing C:\Program Files (x86)\Microsoft SDKs\Windows\v7.0A\include\wtypes.idl
         wtypes.idl
         Processing C:\Program Files (x86)\Microsoft SDKs\Windows\v7.0A\include\basetsd.h
         basetsd.h
         Processing C:\Program Files (x86)\Microsoft SDKs\Windows\v7.0A\include\guiddef.h
         guiddef.h
         Processing C:\Program Files (x86)\Microsoft SDKs\Windows\v7.0A\include\ocidl.idl
         ocidl.idl
         Processing C:\Program Files (x86)\Microsoft SDKs\Windows\v7.0A\include\oleidl.idl
         oleidl.idl
         Processing C:\Program Files (x86)\Microsoft SDKs\Windows\v7.0A\include\servprov.idl
         servprov.idl
         Processing C:\Program Files (x86)\Microsoft SDKs\Windows\v7.0A\include\urlmon.idl
         urlmon.idl
         Processing C:\Program Files (x86)\Microsoft SDKs\Windows\v7.0A\include\msxml.idl
         msxml.idl
         Processing C:\Program Files (x86)\Microsoft SDKs\Windows\v7.0A\include\shobjidl.idl
         shobjidl.idl
         Processing C:\Program Files (x86)\Microsoft SDKs\Windows\v7.0A\include\docobj.idl
         docobj.idl
         Processing C:\Program Files (x86)\Microsoft SDKs\Windows\v7.0A\include\shtypes.idl
         shtypes.idl
         Processing C:\Program Files (x86)\Microsoft SDKs\Windows\v7.0A\include\comcat.idl
         comcat.idl
         Processing C:\Program Files (x86)\Microsoft SDKs\Windows\v7.0A\include\propidl.idl
         propidl.idl
         Processing C:\Program Files (x86)\Microsoft SDKs\Windows\v7.0A\include\prsht.idl
         prsht.idl
         Processing C:\Program Files (x86)\Microsoft SDKs\Windows\v7.0A\include\propsys.idl
         propsys.idl
         Processing C:\Program Files (x86)\Microsoft SDKs\Windows\v7.0A\include\StructuredQueryCondition.idl
         StructuredQueryCondition.idl
         Processing C:\Program Files (x86)\Microsoft SDKs\Windows\v7.0A\include\ObjectArray.idl
         ObjectArray.idl
         Processing C:\Program Files (x86)\Microsoft SDKs\Windows\v7.0A\include\oaidl.acf
         oaidl.acf
         Processing C:\Program Files (x86)\Microsoft SDKs\Windows\v7.0A\include\ocidl.acf
         ocidl.acf
       ClCompile:
         c:\Program Files (x86)\Microsoft Visual Studio 10.0\VC\bin\CL.exe /c /ZI /nologo /W3 /WX- /Od /Oy- /D WIN32 /D _WINDOWS /D _DEBUG /D _UNICODE /D UNICODE /D _ATL_DLL /Gm /EHsc /RTC1 /MDd /GS /fp:precise /Zc:wchar_t /Zc:forScope /Yc"StdAfx.h" /Fp"Debug\myCOMShop.pch" /Fo"Debug\\" /Fd"Debug\vc100.pdb" /Gd /TP /analyze- /errorReport:prompt stdafx.cpp
         stdafx.cpp
         c:\Program Files (x86)\Microsoft Visual Studio 10.0\VC\bin\CL.exe /c /ZI /nologo /W3 /WX- /Od /Oy- /D WIN32 /D _WINDOWS /D _DEBUG /D _UNICODE /D UNICODE /D _ATL_DLL /Gm /EHsc /RTC1 /MDd /GS /fp:precise /Zc:wchar_t /Zc:forScope /Yu"StdAfx.h" /Fp"Debug\myCOMShop.pch" /Fo"Debug\\" /Fd"Debug\vc100.pdb" /Gd /TP /analyze- /errorReport:prompt myCOMShop.cpp myShop.cpp
         myShop.cpp
         myCOMShop.cpp
         Generating Code...
         c:\Program Files (x86)\Microsoft Visual Studio 10.0\VC\bin\CL.exe /c /ZI /nologo /W3 /WX- /Od /Oy- /D WIN32 /D _WINDOWS /D _DEBUG /D _UNICODE /D UNICODE /D _ATL_DLL /Gm /EHsc /RTC1 /MDd /GS /fp:precise /Zc:wchar_t /Zc:forScope /Fo"Debug\\" /Fd"Debug\vc100.pdb" /Gd /TC /analyze- /errorReport:prompt myCOMShop_i.c
         myCOMShop_i.c
       ResourceCompile:
         C:\Program Files (x86)\Microsoft SDKs\Windows\v7.0A\bin\rc.exe /D _DEBUG /D _UNICODE /D UNICODE /l"0x0409" /IDebug\ /nologo /fo"Debug\myCOMShop.res" myCOMShop.rc 
       ManifestResourceCompile:
         C:\Program Files (x86)\Microsoft SDKs\Windows\v7.0A\bin\rc.exe /nologo /fo"Debug\myCOMShop.exe.embed.manifest.res" Debug\myCOMShop_manifest.rc 
       Link:
         c:\Program Files (x86)\Microsoft Visual Studio 10.0\VC\bin\link.exe /ERRORREPORT:PROMPT /OUT:"C:\Users\ssi15004\Desktop\myCOMShop\Debug\myCOMShop.exe" /INCREMENTAL /NOLOGO msdasc.lib kernel32.lib user32.lib gdi32.lib winspool.lib comdlg32.lib advapi32.lib shell32.lib ole32.lib oleaut32.lib uuid.lib odbc32.lib odbccp32.lib /MANIFEST /ManifestFile:"Debug\myCOMShop.exe.intermediate.manifest" /MANIFESTUAC:"level='asInvoker' uiAccess='false'" /DEBUG /PDB:"C:\Users\ssi15004\Desktop\myCOMShop\Debug\myCOMShop.pdb" /SUBSYSTEM:WINDOWS /TLBID:1 /DYNAMICBASE /NXCOMPAT /MACHINE:X86 Debug\myCOMShop.res
         Debug\myCOMShop.exe.embed.manifest.res
         Debug\myCOMShop.obj
         Debug\myCOMShop_i.obj
         Debug\myShop.obj
         Debug\stdafx.obj
       Manifest:
         C:\Program Files (x86)\Microsoft SDKs\Windows\v7.0A\bin\mt.exe /nologo /verbose /out:"Debug\myCOMShop.exe.embed.manifest" /manifest Debug\myCOMShop.exe.intermediate.manifest
         C:\Program Files (x86)\Microsoft SDKs\Windows\v7.0A\bin\rc.exe /nologo /fo"Debug\myCOMShop.exe.embed.manifest.res" Debug\myCOMShop_manifest.rc 
       LinkEmbedManifest:
         c:\Program Files (x86)\Microsoft Visual Studio 10.0\VC\bin\link.exe /ERRORREPORT:PROMPT /OUT:"C:\Users\ssi15004\Desktop\myCOMShop\Debug\myCOMShop.exe" /INCREMENTAL /NOLOGO msdasc.lib kernel32.lib user32.lib gdi32.lib winspool.lib comdlg32.lib advapi32.lib shell32.lib ole32.lib oleaut32.lib uuid.lib odbc32.lib odbccp32.lib /MANIFEST /ManifestFile:"Debug\myCOMShop.exe.intermediate.manifest" /MANIFESTUAC:"level='asInvoker' uiAccess='false'" /DEBUG /PDB:"C:\Users\ssi15004\Desktop\myCOMShop\Debug\myCOMShop.pdb" /SUBSYSTEM:WINDOWS /TLBID:1 /DYNAMICBASE /NXCOMPAT /MACHINE:X86 Debug\myCOMShop.res
         Debug\myCOMShop.exe.embed.manifest.res
         Debug\myCOMShop.obj
         Debug\myCOMShop_i.obj
         Debug\myShop.obj
         Debug\stdafx.obj
         myCOMShop.vcxproj -> C:\Users\ssi15004\Desktop\myCOMShop\Debug\myCOMShop.exe
       PostBuildEvent:
         Description: Performing registration
         "C:\Users\ssi15004\Desktop\myCOMShop\Debug\myCOMShop.exe" /RegServerPerUser
         :VCEnd
       FinalizeBuildStatus:
         Deleting file "Debug\myCOMShop.unsuccessfulbuild".
         Touching "Debug\myCOMShop.lastbuildstate".
     1>Done Building Project "C:\Users\ssi15004\Desktop\myCOMShop\myCOMShop\myCOMShop.vcxproj" (build target(s)).

Build succeeded.

Time Elapsed 00:00:05.43
